C:\Users\Alexander\Documents\Visual Studio 2015\Projects\Photoportfolio\src\Photoportfolio\wwwroot\app\core\services\data.service.js
C:\Users\Alexander\Documents\Visual Studio 2015\Projects\Photoportfolio\src\Photoportfolio\wwwroot\app\core\services\data.service.js.map
C:\Users\Alexander\Documents\Visual Studio 2015\Projects\Photoportfolio\src\Photoportfolio\wwwroot\app\core\domain\registration.js
C:\Users\Alexander\Documents\Visual Studio 2015\Projects\Photoportfolio\src\Photoportfolio\wwwroot\app\core\domain\registration.js.map
C:\Users\Alexander\Documents\Visual Studio 2015\Projects\Photoportfolio\src\Photoportfolio\wwwroot\app\core\domain\user.js
C:\Users\Alexander\Documents\Visual Studio 2015\Projects\Photoportfolio\src\Photoportfolio\wwwroot\app\core\domain\user.js.map
C:\Users\Alexander\Documents\Visual Studio 2015\Projects\Photoportfolio\src\Photoportfolio\wwwroot\app\core\services\membership.service.js
C:\Users\Alexander\Documents\Visual Studio 2015\Projects\Photoportfolio\src\Photoportfolio\wwwroot\app\core\services\membership.service.js.map
C:\Users\Alexander\Documents\Visual Studio 2015\Projects\Photoportfolio\src\Photoportfolio\wwwroot\app\app.component.js
C:\Users\Alexander\Documents\Visual Studio 2015\Projects\Photoportfolio\src\Photoportfolio\wwwroot\app\app.component.js.map
C:\Users\Alexander\Documents\Visual Studio 2015\Projects\Photoportfolio\src\Photoportfolio\wwwroot\app\core\services\notification.service.js
C:\Users\Alexander\Documents\Visual Studio 2015\Projects\Photoportfolio\src\Photoportfolio\wwwroot\app\core\services\notification.service.js.map
C:\Users\Alexander\Documents\Visual Studio 2015\Projects\Photoportfolio\src\Photoportfolio\wwwroot\app\components\account\account.component.js
C:\Users\Alexander\Documents\Visual Studio 2015\Projects\Photoportfolio\src\Photoportfolio\wwwroot\app\components\account\account.component.js.map
C:\Users\Alexander\Documents\Visual Studio 2015\Projects\Photoportfolio\src\Photoportfolio\wwwroot\app\core\domain\operationResult.js
C:\Users\Alexander\Documents\Visual Studio 2015\Projects\Photoportfolio\src\Photoportfolio\wwwroot\app\core\domain\operationResult.js.map
C:\Users\Alexander\Documents\Visual Studio 2015\Projects\Photoportfolio\src\Photoportfolio\wwwroot\app\components\account\login.component.js
C:\Users\Alexander\Documents\Visual Studio 2015\Projects\Photoportfolio\src\Photoportfolio\wwwroot\app\components\account\login.component.js.map
C:\Users\Alexander\Documents\Visual Studio 2015\Projects\Photoportfolio\src\Photoportfolio\wwwroot\app\components\account\register.component.js
C:\Users\Alexander\Documents\Visual Studio 2015\Projects\Photoportfolio\src\Photoportfolio\wwwroot\app\components\account\register.component.js.map
C:\Users\Alexander\Documents\Visual Studio 2015\Projects\Photoportfolio\src\Photoportfolio\wwwroot\app\components\account\routes.js
C:\Users\Alexander\Documents\Visual Studio 2015\Projects\Photoportfolio\src\Photoportfolio\wwwroot\app\components\account\routes.js.map
C:\Users\Alexander\Documents\Visual Studio 2015\Projects\Photoportfolio\src\Photoportfolio\wwwroot\app\components\account\account.module.js
C:\Users\Alexander\Documents\Visual Studio 2015\Projects\Photoportfolio\src\Photoportfolio\wwwroot\app\components\account\account.module.js.map
C:\Users\Alexander\Documents\Visual Studio 2015\Projects\Photoportfolio\src\Photoportfolio\wwwroot\app\core\domain\photo.js
C:\Users\Alexander\Documents\Visual Studio 2015\Projects\Photoportfolio\src\Photoportfolio\wwwroot\app\core\domain\photo.js.map
C:\Users\Alexander\Documents\Visual Studio 2015\Projects\Photoportfolio\src\Photoportfolio\wwwroot\app\core\common\paginated.js
C:\Users\Alexander\Documents\Visual Studio 2015\Projects\Photoportfolio\src\Photoportfolio\wwwroot\app\core\common\paginated.js.map
C:\Users\Alexander\Documents\Visual Studio 2015\Projects\Photoportfolio\src\Photoportfolio\wwwroot\app\core\services\utility.service.js
C:\Users\Alexander\Documents\Visual Studio 2015\Projects\Photoportfolio\src\Photoportfolio\wwwroot\app\core\services\utility.service.js.map
C:\Users\Alexander\Documents\Visual Studio 2015\Projects\Photoportfolio\src\Photoportfolio\wwwroot\app\components\album-photos.component.js
C:\Users\Alexander\Documents\Visual Studio 2015\Projects\Photoportfolio\src\Photoportfolio\wwwroot\app\components\album-photos.component.js.map
C:\Users\Alexander\Documents\Visual Studio 2015\Projects\Photoportfolio\src\Photoportfolio\wwwroot\app\components\home.component.js
C:\Users\Alexander\Documents\Visual Studio 2015\Projects\Photoportfolio\src\Photoportfolio\wwwroot\app\components\home.component.js.map
C:\Users\Alexander\Documents\Visual Studio 2015\Projects\Photoportfolio\src\Photoportfolio\wwwroot\app\components\photos.component.js
C:\Users\Alexander\Documents\Visual Studio 2015\Projects\Photoportfolio\src\Photoportfolio\wwwroot\app\components\photos.component.js.map
C:\Users\Alexander\Documents\Visual Studio 2015\Projects\Photoportfolio\src\Photoportfolio\wwwroot\app\core\domain\album.js
C:\Users\Alexander\Documents\Visual Studio 2015\Projects\Photoportfolio\src\Photoportfolio\wwwroot\app\core\domain\album.js.map
C:\Users\Alexander\Documents\Visual Studio 2015\Projects\Photoportfolio\src\Photoportfolio\wwwroot\app\components\albums.component.js
C:\Users\Alexander\Documents\Visual Studio 2015\Projects\Photoportfolio\src\Photoportfolio\wwwroot\app\components\albums.component.js.map
C:\Users\Alexander\Documents\Visual Studio 2015\Projects\Photoportfolio\src\Photoportfolio\wwwroot\app\routes.js
C:\Users\Alexander\Documents\Visual Studio 2015\Projects\Photoportfolio\src\Photoportfolio\wwwroot\app\routes.js.map
C:\Users\Alexander\Documents\Visual Studio 2015\Projects\Photoportfolio\src\Photoportfolio\wwwroot\app\app.module.js
C:\Users\Alexander\Documents\Visual Studio 2015\Projects\Photoportfolio\src\Photoportfolio\wwwroot\app\app.module.js.map
C:\Users\Alexander\Documents\Visual Studio 2015\Projects\Photoportfolio\src\Photoportfolio\wwwroot\app\main.js
C:\Users\Alexander\Documents\Visual Studio 2015\Projects\Photoportfolio\src\Photoportfolio\wwwroot\app\main.js.map
C:\Users\Alexander\Documents\Visual Studio 2015\Projects\Photoportfolio\src\Photoportfolio\wwwroot\app\core\services\data.service.js
C:\Users\Alexander\Documents\Visual Studio 2015\Projects\Photoportfolio\src\Photoportfolio\wwwroot\app\core\services\data.service.js.map
C:\Users\Alexander\Documents\Visual Studio 2015\Projects\Photoportfolio\src\Photoportfolio\wwwroot\app\core\domain\registration.js
C:\Users\Alexander\Documents\Visual Studio 2015\Projects\Photoportfolio\src\Photoportfolio\wwwroot\app\core\domain\registration.js.map
C:\Users\Alexander\Documents\Visual Studio 2015\Projects\Photoportfolio\src\Photoportfolio\wwwroot\app\core\domain\user.js
C:\Users\Alexander\Documents\Visual Studio 2015\Projects\Photoportfolio\src\Photoportfolio\wwwroot\app\core\domain\user.js.map
C:\Users\Alexander\Documents\Visual Studio 2015\Projects\Photoportfolio\src\Photoportfolio\wwwroot\app\core\services\membership.service.js
C:\Users\Alexander\Documents\Visual Studio 2015\Projects\Photoportfolio\src\Photoportfolio\wwwroot\app\core\services\membership.service.js.map
C:\Users\Alexander\Documents\Visual Studio 2015\Projects\Photoportfolio\src\Photoportfolio\wwwroot\app\app.component.js
C:\Users\Alexander\Documents\Visual Studio 2015\Projects\Photoportfolio\src\Photoportfolio\wwwroot\app\app.component.js.map
C:\Users\Alexander\Documents\Visual Studio 2015\Projects\Photoportfolio\src\Photoportfolio\wwwroot\app\core\services\notification.service.js
C:\Users\Alexander\Documents\Visual Studio 2015\Projects\Photoportfolio\src\Photoportfolio\wwwroot\app\core\services\notification.service.js.map
C:\Users\Alexander\Documents\Visual Studio 2015\Projects\Photoportfolio\src\Photoportfolio\wwwroot\app\components\account\account.component.js
C:\Users\Alexander\Documents\Visual Studio 2015\Projects\Photoportfolio\src\Photoportfolio\wwwroot\app\components\account\account.component.js.map
C:\Users\Alexander\Documents\Visual Studio 2015\Projects\Photoportfolio\src\Photoportfolio\wwwroot\app\core\domain\operationResult.js
C:\Users\Alexander\Documents\Visual Studio 2015\Projects\Photoportfolio\src\Photoportfolio\wwwroot\app\core\domain\operationResult.js.map
C:\Users\Alexander\Documents\Visual Studio 2015\Projects\Photoportfolio\src\Photoportfolio\wwwroot\app\components\account\login.component.js
C:\Users\Alexander\Documents\Visual Studio 2015\Projects\Photoportfolio\src\Photoportfolio\wwwroot\app\components\account\login.component.js.map
C:\Users\Alexander\Documents\Visual Studio 2015\Projects\Photoportfolio\src\Photoportfolio\wwwroot\app\components\account\register.component.js
C:\Users\Alexander\Documents\Visual Studio 2015\Projects\Photoportfolio\src\Photoportfolio\wwwroot\app\components\account\register.component.js.map
C:\Users\Alexander\Documents\Visual Studio 2015\Projects\Photoportfolio\src\Photoportfolio\wwwroot\app\components\account\routes.js
C:\Users\Alexander\Documents\Visual Studio 2015\Projects\Photoportfolio\src\Photoportfolio\wwwroot\app\components\account\routes.js.map
C:\Users\Alexander\Documents\Visual Studio 2015\Projects\Photoportfolio\src\Photoportfolio\wwwroot\app\components\account\account.module.js
C:\Users\Alexander\Documents\Visual Studio 2015\Projects\Photoportfolio\src\Photoportfolio\wwwroot\app\components\account\account.module.js.map
C:\Users\Alexander\Documents\Visual Studio 2015\Projects\Photoportfolio\src\Photoportfolio\wwwroot\app\core\domain\photo.js
C:\Users\Alexander\Documents\Visual Studio 2015\Projects\Photoportfolio\src\Photoportfolio\wwwroot\app\core\domain\photo.js.map
C:\Users\Alexander\Documents\Visual Studio 2015\Projects\Photoportfolio\src\Photoportfolio\wwwroot\app\core\common\paginated.js
C:\Users\Alexander\Documents\Visual Studio 2015\Projects\Photoportfolio\src\Photoportfolio\wwwroot\app\core\common\paginated.js.map
C:\Users\Alexander\Documents\Visual Studio 2015\Projects\Photoportfolio\src\Photoportfolio\wwwroot\app\core\services\utility.service.js
C:\Users\Alexander\Documents\Visual Studio 2015\Projects\Photoportfolio\src\Photoportfolio\wwwroot\app\core\services\utility.service.js.map
C:\Users\Alexander\Documents\Visual Studio 2015\Projects\Photoportfolio\src\Photoportfolio\wwwroot\app\components\album-photos.component.js
C:\Users\Alexander\Documents\Visual Studio 2015\Projects\Photoportfolio\src\Photoportfolio\wwwroot\app\components\album-photos.component.js.map
C:\Users\Alexander\Documents\Visual Studio 2015\Projects\Photoportfolio\src\Photoportfolio\wwwroot\app\components\home.component.js
C:\Users\Alexander\Documents\Visual Studio 2015\Projects\Photoportfolio\src\Photoportfolio\wwwroot\app\components\home.component.js.map
C:\Users\Alexander\Documents\Visual Studio 2015\Projects\Photoportfolio\src\Photoportfolio\wwwroot\app\components\photos.component.js
C:\Users\Alexander\Documents\Visual Studio 2015\Projects\Photoportfolio\src\Photoportfolio\wwwroot\app\components\photos.component.js.map
C:\Users\Alexander\Documents\Visual Studio 2015\Projects\Photoportfolio\src\Photoportfolio\wwwroot\app\core\domain\album.js
C:\Users\Alexander\Documents\Visual Studio 2015\Projects\Photoportfolio\src\Photoportfolio\wwwroot\app\core\domain\album.js.map
C:\Users\Alexander\Documents\Visual Studio 2015\Projects\Photoportfolio\src\Photoportfolio\wwwroot\app\components\albums.component.js
C:\Users\Alexander\Documents\Visual Studio 2015\Projects\Photoportfolio\src\Photoportfolio\wwwroot\app\components\albums.component.js.map
C:\Users\Alexander\Documents\Visual Studio 2015\Projects\Photoportfolio\src\Photoportfolio\wwwroot\app\routes.js
C:\Users\Alexander\Documents\Visual Studio 2015\Projects\Photoportfolio\src\Photoportfolio\wwwroot\app\routes.js.map
C:\Users\Alexander\Documents\Visual Studio 2015\Projects\Photoportfolio\src\Photoportfolio\wwwroot\app\app.module.js
C:\Users\Alexander\Documents\Visual Studio 2015\Projects\Photoportfolio\src\Photoportfolio\wwwroot\app\app.module.js.map
C:\Users\Alexander\Documents\Visual Studio 2015\Projects\Photoportfolio\src\Photoportfolio\wwwroot\app\main.js
C:\Users\Alexander\Documents\Visual Studio 2015\Projects\Photoportfolio\src\Photoportfolio\wwwroot\app\main.js.map
C:\Users\Alexander\Documents\Visual Studio 2015\Projects\Photoportfolio\src\Photoportfolio\wwwroot\app\core\services\data.service.js
C:\Users\Alexander\Documents\Visual Studio 2015\Projects\Photoportfolio\src\Photoportfolio\wwwroot\app\core\services\data.service.js.map
C:\Users\Alexander\Documents\Visual Studio 2015\Projects\Photoportfolio\src\Photoportfolio\wwwroot\app\core\domain\registration.js
C:\Users\Alexander\Documents\Visual Studio 2015\Projects\Photoportfolio\src\Photoportfolio\wwwroot\app\core\domain\registration.js.map
C:\Users\Alexander\Documents\Visual Studio 2015\Projects\Photoportfolio\src\Photoportfolio\wwwroot\app\core\domain\user.js
C:\Users\Alexander\Documents\Visual Studio 2015\Projects\Photoportfolio\src\Photoportfolio\wwwroot\app\core\domain\user.js.map
C:\Users\Alexander\Documents\Visual Studio 2015\Projects\Photoportfolio\src\Photoportfolio\wwwroot\app\core\services\membership.service.js
C:\Users\Alexander\Documents\Visual Studio 2015\Projects\Photoportfolio\src\Photoportfolio\wwwroot\app\core\services\membership.service.js.map
C:\Users\Alexander\Documents\Visual Studio 2015\Projects\Photoportfolio\src\Photoportfolio\wwwroot\app\app.component.js
C:\Users\Alexander\Documents\Visual Studio 2015\Projects\Photoportfolio\src\Photoportfolio\wwwroot\app\app.component.js.map
C:\Users\Alexander\Documents\Visual Studio 2015\Projects\Photoportfolio\src\Photoportfolio\wwwroot\app\core\services\notification.service.js
C:\Users\Alexander\Documents\Visual Studio 2015\Projects\Photoportfolio\src\Photoportfolio\wwwroot\app\core\services\notification.service.js.map
C:\Users\Alexander\Documents\Visual Studio 2015\Projects\Photoportfolio\src\Photoportfolio\wwwroot\app\components\account\account.component.js
C:\Users\Alexander\Documents\Visual Studio 2015\Projects\Photoportfolio\src\Photoportfolio\wwwroot\app\components\account\account.component.js.map
C:\Users\Alexander\Documents\Visual Studio 2015\Projects\Photoportfolio\src\Photoportfolio\wwwroot\app\core\domain\operationResult.js
C:\Users\Alexander\Documents\Visual Studio 2015\Projects\Photoportfolio\src\Photoportfolio\wwwroot\app\core\domain\operationResult.js.map
C:\Users\Alexander\Documents\Visual Studio 2015\Projects\Photoportfolio\src\Photoportfolio\wwwroot\app\components\account\login.component.js
C:\Users\Alexander\Documents\Visual Studio 2015\Projects\Photoportfolio\src\Photoportfolio\wwwroot\app\components\account\login.component.js.map
C:\Users\Alexander\Documents\Visual Studio 2015\Projects\Photoportfolio\src\Photoportfolio\wwwroot\app\components\account\register.component.js
C:\Users\Alexander\Documents\Visual Studio 2015\Projects\Photoportfolio\src\Photoportfolio\wwwroot\app\components\account\register.component.js.map
C:\Users\Alexander\Documents\Visual Studio 2015\Projects\Photoportfolio\src\Photoportfolio\wwwroot\app\components\account\routes.js
C:\Users\Alexander\Documents\Visual Studio 2015\Projects\Photoportfolio\src\Photoportfolio\wwwroot\app\components\account\routes.js.map
C:\Users\Alexander\Documents\Visual Studio 2015\Projects\Photoportfolio\src\Photoportfolio\wwwroot\app\components\account\account.module.js
C:\Users\Alexander\Documents\Visual Studio 2015\Projects\Photoportfolio\src\Photoportfolio\wwwroot\app\components\account\account.module.js.map
C:\Users\Alexander\Documents\Visual Studio 2015\Projects\Photoportfolio\src\Photoportfolio\wwwroot\app\core\domain\photo.js
C:\Users\Alexander\Documents\Visual Studio 2015\Projects\Photoportfolio\src\Photoportfolio\wwwroot\app\core\domain\photo.js.map
C:\Users\Alexander\Documents\Visual Studio 2015\Projects\Photoportfolio\src\Photoportfolio\wwwroot\app\core\common\paginated.js
C:\Users\Alexander\Documents\Visual Studio 2015\Projects\Photoportfolio\src\Photoportfolio\wwwroot\app\core\common\paginated.js.map
C:\Users\Alexander\Documents\Visual Studio 2015\Projects\Photoportfolio\src\Photoportfolio\wwwroot\app\core\services\utility.service.js
C:\Users\Alexander\Documents\Visual Studio 2015\Projects\Photoportfolio\src\Photoportfolio\wwwroot\app\core\services\utility.service.js.map
C:\Users\Alexander\Documents\Visual Studio 2015\Projects\Photoportfolio\src\Photoportfolio\wwwroot\app\components\album-photos.component.js
C:\Users\Alexander\Documents\Visual Studio 2015\Projects\Photoportfolio\src\Photoportfolio\wwwroot\app\components\album-photos.component.js.map
C:\Users\Alexander\Documents\Visual Studio 2015\Projects\Photoportfolio\src\Photoportfolio\wwwroot\app\components\home.component.js
C:\Users\Alexander\Documents\Visual Studio 2015\Projects\Photoportfolio\src\Photoportfolio\wwwroot\app\components\home.component.js.map
C:\Users\Alexander\Documents\Visual Studio 2015\Projects\Photoportfolio\src\Photoportfolio\wwwroot\app\components\photos.component.js
C:\Users\Alexander\Documents\Visual Studio 2015\Projects\Photoportfolio\src\Photoportfolio\wwwroot\app\components\photos.component.js.map
C:\Users\Alexander\Documents\Visual Studio 2015\Projects\Photoportfolio\src\Photoportfolio\wwwroot\app\core\domain\album.js
C:\Users\Alexander\Documents\Visual Studio 2015\Projects\Photoportfolio\src\Photoportfolio\wwwroot\app\core\domain\album.js.map
C:\Users\Alexander\Documents\Visual Studio 2015\Projects\Photoportfolio\src\Photoportfolio\wwwroot\app\components\albums.component.js
C:\Users\Alexander\Documents\Visual Studio 2015\Projects\Photoportfolio\src\Photoportfolio\wwwroot\app\components\albums.component.js.map
C:\Users\Alexander\Documents\Visual Studio 2015\Projects\Photoportfolio\src\Photoportfolio\wwwroot\app\routes.js
C:\Users\Alexander\Documents\Visual Studio 2015\Projects\Photoportfolio\src\Photoportfolio\wwwroot\app\routes.js.map
C:\Users\Alexander\Documents\Visual Studio 2015\Projects\Photoportfolio\src\Photoportfolio\wwwroot\app\app.module.js
C:\Users\Alexander\Documents\Visual Studio 2015\Projects\Photoportfolio\src\Photoportfolio\wwwroot\app\app.module.js.map
C:\Users\Alexander\Documents\Visual Studio 2015\Projects\Photoportfolio\src\Photoportfolio\wwwroot\app\main.js
C:\Users\Alexander\Documents\Visual Studio 2015\Projects\Photoportfolio\src\Photoportfolio\wwwroot\app\main.js.map
C:\Users\Alexander\Documents\Visual Studio 2015\Projects\Photoportfolio\src\Photoportfolio\wwwroot\app\core\services\data.service.js
C:\Users\Alexander\Documents\Visual Studio 2015\Projects\Photoportfolio\src\Photoportfolio\wwwroot\app\core\services\data.service.js.map
C:\Users\Alexander\Documents\Visual Studio 2015\Projects\Photoportfolio\src\Photoportfolio\wwwroot\app\core\domain\registration.js
C:\Users\Alexander\Documents\Visual Studio 2015\Projects\Photoportfolio\src\Photoportfolio\wwwroot\app\core\domain\registration.js.map
C:\Users\Alexander\Documents\Visual Studio 2015\Projects\Photoportfolio\src\Photoportfolio\wwwroot\app\core\domain\user.js
C:\Users\Alexander\Documents\Visual Studio 2015\Projects\Photoportfolio\src\Photoportfolio\wwwroot\app\core\domain\user.js.map
C:\Users\Alexander\Documents\Visual Studio 2015\Projects\Photoportfolio\src\Photoportfolio\wwwroot\app\core\services\membership.service.js
C:\Users\Alexander\Documents\Visual Studio 2015\Projects\Photoportfolio\src\Photoportfolio\wwwroot\app\core\services\membership.service.js.map
C:\Users\Alexander\Documents\Visual Studio 2015\Projects\Photoportfolio\src\Photoportfolio\wwwroot\app\app.component.js
C:\Users\Alexander\Documents\Visual Studio 2015\Projects\Photoportfolio\src\Photoportfolio\wwwroot\app\app.component.js.map
C:\Users\Alexander\Documents\Visual Studio 2015\Projects\Photoportfolio\src\Photoportfolio\wwwroot\app\core\services\notification.service.js
C:\Users\Alexander\Documents\Visual Studio 2015\Projects\Photoportfolio\src\Photoportfolio\wwwroot\app\core\services\notification.service.js.map
C:\Users\Alexander\Documents\Visual Studio 2015\Projects\Photoportfolio\src\Photoportfolio\wwwroot\app\components\account\account.component.js
C:\Users\Alexander\Documents\Visual Studio 2015\Projects\Photoportfolio\src\Photoportfolio\wwwroot\app\components\account\account.component.js.map
C:\Users\Alexander\Documents\Visual Studio 2015\Projects\Photoportfolio\src\Photoportfolio\wwwroot\app\core\domain\operationResult.js
C:\Users\Alexander\Documents\Visual Studio 2015\Projects\Photoportfolio\src\Photoportfolio\wwwroot\app\core\domain\operationResult.js.map
C:\Users\Alexander\Documents\Visual Studio 2015\Projects\Photoportfolio\src\Photoportfolio\wwwroot\app\components\account\login.component.js
C:\Users\Alexander\Documents\Visual Studio 2015\Projects\Photoportfolio\src\Photoportfolio\wwwroot\app\components\account\login.component.js.map
C:\Users\Alexander\Documents\Visual Studio 2015\Projects\Photoportfolio\src\Photoportfolio\wwwroot\app\components\account\register.component.js
C:\Users\Alexander\Documents\Visual Studio 2015\Projects\Photoportfolio\src\Photoportfolio\wwwroot\app\components\account\register.component.js.map
C:\Users\Alexander\Documents\Visual Studio 2015\Projects\Photoportfolio\src\Photoportfolio\wwwroot\app\components\account\routes.js
C:\Users\Alexander\Documents\Visual Studio 2015\Projects\Photoportfolio\src\Photoportfolio\wwwroot\app\components\account\routes.js.map
C:\Users\Alexander\Documents\Visual Studio 2015\Projects\Photoportfolio\src\Photoportfolio\wwwroot\app\components\account\account.module.js
C:\Users\Alexander\Documents\Visual Studio 2015\Projects\Photoportfolio\src\Photoportfolio\wwwroot\app\components\account\account.module.js.map
C:\Users\Alexander\Documents\Visual Studio 2015\Projects\Photoportfolio\src\Photoportfolio\wwwroot\app\core\domain\photo.js
C:\Users\Alexander\Documents\Visual Studio 2015\Projects\Photoportfolio\src\Photoportfolio\wwwroot\app\core\domain\photo.js.map
C:\Users\Alexander\Documents\Visual Studio 2015\Projects\Photoportfolio\src\Photoportfolio\wwwroot\app\core\common\paginated.js
C:\Users\Alexander\Documents\Visual Studio 2015\Projects\Photoportfolio\src\Photoportfolio\wwwroot\app\core\common\paginated.js.map
C:\Users\Alexander\Documents\Visual Studio 2015\Projects\Photoportfolio\src\Photoportfolio\wwwroot\app\core\services\utility.service.js
C:\Users\Alexander\Documents\Visual Studio 2015\Projects\Photoportfolio\src\Photoportfolio\wwwroot\app\core\services\utility.service.js.map
C:\Users\Alexander\Documents\Visual Studio 2015\Projects\Photoportfolio\src\Photoportfolio\wwwroot\app\components\album-photos.component.js
C:\Users\Alexander\Documents\Visual Studio 2015\Projects\Photoportfolio\src\Photoportfolio\wwwroot\app\components\album-photos.component.js.map
C:\Users\Alexander\Documents\Visual Studio 2015\Projects\Photoportfolio\src\Photoportfolio\wwwroot\app\components\home.component.js
C:\Users\Alexander\Documents\Visual Studio 2015\Projects\Photoportfolio\src\Photoportfolio\wwwroot\app\components\home.component.js.map
C:\Users\Alexander\Documents\Visual Studio 2015\Projects\Photoportfolio\src\Photoportfolio\wwwroot\app\components\photos.component.js
C:\Users\Alexander\Documents\Visual Studio 2015\Projects\Photoportfolio\src\Photoportfolio\wwwroot\app\components\photos.component.js.map
C:\Users\Alexander\Documents\Visual Studio 2015\Projects\Photoportfolio\src\Photoportfolio\wwwroot\app\core\domain\album.js
C:\Users\Alexander\Documents\Visual Studio 2015\Projects\Photoportfolio\src\Photoportfolio\wwwroot\app\core\domain\album.js.map
C:\Users\Alexander\Documents\Visual Studio 2015\Projects\Photoportfolio\src\Photoportfolio\wwwroot\app\components\albums.component.js
C:\Users\Alexander\Documents\Visual Studio 2015\Projects\Photoportfolio\src\Photoportfolio\wwwroot\app\components\albums.component.js.map
C:\Users\Alexander\Documents\Visual Studio 2015\Projects\Photoportfolio\src\Photoportfolio\wwwroot\app\routes.js
C:\Users\Alexander\Documents\Visual Studio 2015\Projects\Photoportfolio\src\Photoportfolio\wwwroot\app\routes.js.map
C:\Users\Alexander\Documents\Visual Studio 2015\Projects\Photoportfolio\src\Photoportfolio\wwwroot\app\app.module.js
C:\Users\Alexander\Documents\Visual Studio 2015\Projects\Photoportfolio\src\Photoportfolio\wwwroot\app\app.module.js.map
C:\Users\Alexander\Documents\Visual Studio 2015\Projects\Photoportfolio\src\Photoportfolio\wwwroot\app\main.js
C:\Users\Alexander\Documents\Visual Studio 2015\Projects\Photoportfolio\src\Photoportfolio\wwwroot\app\main.js.map
